<?xml version="1.0" encoding="UTF-8"?>
<testsuite xmlns:xsi="http://www.w3.org/2001/XMLSchema-instance" xsi:noNamespaceSchemaLocation="https://maven.apache.org/surefire/maven-surefire-plugin/xsd/surefire-test-report.xsd" version="3.0.2" name="com.depot_Bar.depot_bar.DepotBarApplicationTests" time="44.612" tests="1" errors="0" skipped="0" failures="0">
  <properties>
    <property name="java.specification.version" value="21"/>
    <property name="sun.cpu.isalist" value="amd64"/>
    <property name="sun.jnu.encoding" value="Cp1252"/>
    <property name="java.class.path" value="C:\Users\Prince Levis\Documents\Projets-gestion-stock\target\test-classes;C:\Users\Prince Levis\Documents\Projets-gestion-stock\target\classes;C:\Users\Prince Levis\.m2\repository\org\springframework\boot\spring-boot-starter-actuator\3.4.5\spring-boot-starter-actuator-3.4.5.jar;C:\Users\Prince Levis\.m2\repository\org\springframework\boot\spring-boot-starter\3.4.5\spring-boot-starter-3.4.5.jar;C:\Users\Prince Levis\.m2\repository\org\springframework\boot\spring-boot-starter-logging\3.4.5\spring-boot-starter-logging-3.4.5.jar;C:\Users\Prince Levis\.m2\repository\ch\qos\logback\logback-classic\1.5.18\logback-classic-1.5.18.jar;C:\Users\Prince Levis\.m2\repository\ch\qos\logback\logback-core\1.5.18\logback-core-1.5.18.jar;C:\Users\Prince Levis\.m2\repository\org\apache\logging\log4j\log4j-to-slf4j\2.24.3\log4j-to-slf4j-2.24.3.jar;C:\Users\Prince Levis\.m2\repository\org\apache\logging\log4j\log4j-api\2.24.3\log4j-api-2.24.3.jar;C:\Users\Prince Levis\.m2\repository\org\slf4j\jul-to-slf4j\2.0.17\jul-to-slf4j-2.0.17.jar;C:\Users\Prince Levis\.m2\repository\jakarta\annotation\jakarta.annotation-api\2.1.1\jakarta.annotation-api-2.1.1.jar;C:\Users\Prince Levis\.m2\repository\org\yaml\snakeyaml\2.3\snakeyaml-2.3.jar;C:\Users\Prince Levis\.m2\repository\org\springframework\boot\spring-boot-actuator-autoconfigure\3.4.5\spring-boot-actuator-autoconfigure-3.4.5.jar;C:\Users\Prince Levis\.m2\repository\org\springframework\boot\spring-boot-actuator\3.4.5\spring-boot-actuator-3.4.5.jar;C:\Users\Prince Levis\.m2\repository\com\fasterxml\jackson\core\jackson-databind\2.18.3\jackson-databind-2.18.3.jar;C:\Users\Prince Levis\.m2\repository\com\fasterxml\jackson\core\jackson-annotations\2.18.3\jackson-annotations-2.18.3.jar;C:\Users\Prince Levis\.m2\repository\com\fasterxml\jackson\core\jackson-core\2.18.3\jackson-core-2.18.3.jar;C:\Users\Prince Levis\.m2\repository\com\fasterxml\jackson\datatype\jackson-datatype-jsr310\2.18.3\jackson-datatype-jsr310-2.18.3.jar;C:\Users\Prince Levis\.m2\repository\io\micrometer\micrometer-observation\1.14.6\micrometer-observation-1.14.6.jar;C:\Users\Prince Levis\.m2\repository\io\micrometer\micrometer-commons\1.14.6\micrometer-commons-1.14.6.jar;C:\Users\Prince Levis\.m2\repository\io\micrometer\micrometer-jakarta9\1.14.6\micrometer-jakarta9-1.14.6.jar;C:\Users\Prince Levis\.m2\repository\io\micrometer\micrometer-core\1.14.6\micrometer-core-1.14.6.jar;C:\Users\Prince Levis\.m2\repository\org\hdrhistogram\HdrHistogram\2.2.2\HdrHistogram-2.2.2.jar;C:\Users\Prince Levis\.m2\repository\org\latencyutils\LatencyUtils\2.0.3\LatencyUtils-2.0.3.jar;C:\Users\Prince Levis\.m2\repository\org\springframework\boot\spring-boot-starter-data-jpa\3.4.5\spring-boot-starter-data-jpa-3.4.5.jar;C:\Users\Prince Levis\.m2\repository\org\springframework\boot\spring-boot-starter-jdbc\3.4.5\spring-boot-starter-jdbc-3.4.5.jar;C:\Users\Prince Levis\.m2\repository\com\zaxxer\HikariCP\5.1.0\HikariCP-5.1.0.jar;C:\Users\Prince Levis\.m2\repository\org\springframework\spring-jdbc\6.2.6\spring-jdbc-6.2.6.jar;C:\Users\Prince Levis\.m2\repository\org\hibernate\orm\hibernate-core\6.6.13.Final\hibernate-core-6.6.13.Final.jar;C:\Users\Prince Levis\.m2\repository\jakarta\persistence\jakarta.persistence-api\3.1.0\jakarta.persistence-api-3.1.0.jar;C:\Users\Prince Levis\.m2\repository\jakarta\transaction\jakarta.transaction-api\2.0.1\jakarta.transaction-api-2.0.1.jar;C:\Users\Prince Levis\.m2\repository\org\jboss\logging\jboss-logging\3.6.1.Final\jboss-logging-3.6.1.Final.jar;C:\Users\Prince Levis\.m2\repository\org\hibernate\common\hibernate-commons-annotations\7.0.3.Final\hibernate-commons-annotations-7.0.3.Final.jar;C:\Users\Prince Levis\.m2\repository\io\smallrye\jandex\3.2.0\jandex-3.2.0.jar;C:\Users\Prince Levis\.m2\repository\com\fasterxml\classmate\1.7.0\classmate-1.7.0.jar;C:\Users\Prince Levis\.m2\repository\net\bytebuddy\byte-buddy\1.15.11\byte-buddy-1.15.11.jar;C:\Users\Prince Levis\.m2\repository\org\glassfish\jaxb\jaxb-runtime\4.0.5\jaxb-runtime-4.0.5.jar;C:\Users\Prince Levis\.m2\repository\org\glassfish\jaxb\jaxb-core\4.0.5\jaxb-core-4.0.5.jar;C:\Users\Prince Levis\.m2\repository\org\eclipse\angus\angus-activation\2.0.2\angus-activation-2.0.2.jar;C:\Users\Prince Levis\.m2\repository\org\glassfish\jaxb\txw2\4.0.5\txw2-4.0.5.jar;C:\Users\Prince Levis\.m2\repository\com\sun\istack\istack-commons-runtime\4.1.2\istack-commons-runtime-4.1.2.jar;C:\Users\Prince Levis\.m2\repository\jakarta\inject\jakarta.inject-api\2.0.1\jakarta.inject-api-2.0.1.jar;C:\Users\Prince Levis\.m2\repository\org\antlr\antlr4-runtime\4.13.0\antlr4-runtime-4.13.0.jar;C:\Users\Prince Levis\.m2\repository\org\springframework\data\spring-data-jpa\3.4.5\spring-data-jpa-3.4.5.jar;C:\Users\Prince Levis\.m2\repository\org\springframework\data\spring-data-commons\3.4.5\spring-data-commons-3.4.5.jar;C:\Users\Prince Levis\.m2\repository\org\springframework\spring-orm\6.2.6\spring-orm-6.2.6.jar;C:\Users\Prince Levis\.m2\repository\org\springframework\spring-context\6.2.6\spring-context-6.2.6.jar;C:\Users\Prince Levis\.m2\repository\org\springframework\spring-aop\6.2.6\spring-aop-6.2.6.jar;C:\Users\Prince Levis\.m2\repository\org\springframework\spring-tx\6.2.6\spring-tx-6.2.6.jar;C:\Users\Prince Levis\.m2\repository\org\springframework\spring-beans\6.2.6\spring-beans-6.2.6.jar;C:\Users\Prince Levis\.m2\repository\org\slf4j\slf4j-api\2.0.17\slf4j-api-2.0.17.jar;C:\Users\Prince Levis\.m2\repository\org\springframework\spring-aspects\6.2.6\spring-aspects-6.2.6.jar;C:\Users\Prince Levis\.m2\repository\org\aspectj\aspectjweaver\1.9.24\aspectjweaver-1.9.24.jar;C:\Users\Prince Levis\.m2\repository\org\springframework\boot\spring-boot-starter-web\3.4.5\spring-boot-starter-web-3.4.5.jar;C:\Users\Prince Levis\.m2\repository\org\springframework\boot\spring-boot-starter-json\3.4.5\spring-boot-starter-json-3.4.5.jar;C:\Users\Prince Levis\.m2\repository\com\fasterxml\jackson\datatype\jackson-datatype-jdk8\2.18.3\jackson-datatype-jdk8-2.18.3.jar;C:\Users\Prince Levis\.m2\repository\com\fasterxml\jackson\module\jackson-module-parameter-names\2.18.3\jackson-module-parameter-names-2.18.3.jar;C:\Users\Prince Levis\.m2\repository\org\springframework\boot\spring-boot-starter-tomcat\3.4.5\spring-boot-starter-tomcat-3.4.5.jar;C:\Users\Prince Levis\.m2\repository\org\apache\tomcat\embed\tomcat-embed-core\10.1.40\tomcat-embed-core-10.1.40.jar;C:\Users\Prince Levis\.m2\repository\org\apache\tomcat\embed\tomcat-embed-el\10.1.40\tomcat-embed-el-10.1.40.jar;C:\Users\Prince Levis\.m2\repository\org\apache\tomcat\embed\tomcat-embed-websocket\10.1.40\tomcat-embed-websocket-10.1.40.jar;C:\Users\Prince Levis\.m2\repository\org\springframework\spring-web\6.2.6\spring-web-6.2.6.jar;C:\Users\Prince Levis\.m2\repository\org\springframework\spring-webmvc\6.2.6\spring-webmvc-6.2.6.jar;C:\Users\Prince Levis\.m2\repository\org\springframework\spring-expression\6.2.6\spring-expression-6.2.6.jar;C:\Users\Prince Levis\.m2\repository\org\springdoc\springdoc-openapi-starter-webmvc-ui\2.0.3\springdoc-openapi-starter-webmvc-ui-2.0.3.jar;C:\Users\Prince Levis\.m2\repository\org\springdoc\springdoc-openapi-starter-webmvc-api\2.0.3\springdoc-openapi-starter-webmvc-api-2.0.3.jar;C:\Users\Prince Levis\.m2\repository\org\springdoc\springdoc-openapi-starter-common\2.0.3\springdoc-openapi-starter-common-2.0.3.jar;C:\Users\Prince Levis\.m2\repository\io\swagger\core\v3\swagger-core-jakarta\2.2.8\swagger-core-jakarta-2.2.8.jar;C:\Users\Prince Levis\.m2\repository\io\swagger\core\v3\swagger-annotations-jakarta\2.2.8\swagger-annotations-jakarta-2.2.8.jar;C:\Users\Prince Levis\.m2\repository\io\swagger\core\v3\swagger-models-jakarta\2.2.8\swagger-models-jakarta-2.2.8.jar;C:\Users\Prince Levis\.m2\repository\jakarta\validation\jakarta.validation-api\3.0.2\jakarta.validation-api-3.0.2.jar;C:\Users\Prince Levis\.m2\repository\com\fasterxml\jackson\dataformat\jackson-dataformat-yaml\2.18.3\jackson-dataformat-yaml-2.18.3.jar;C:\Users\Prince Levis\.m2\repository\org\webjars\swagger-ui\4.17.1\swagger-ui-4.17.1.jar;C:\Users\Prince Levis\.m2\repository\org\webjars\webjars-locator-core\0.59\webjars-locator-core-0.59.jar;C:\Users\Prince Levis\.m2\repository\io\github\classgraph\classgraph\4.8.149\classgraph-4.8.149.jar;C:\Users\Prince Levis\.m2\repository\org\springframework\boot\spring-boot-devtools\3.4.5\spring-boot-devtools-3.4.5.jar;C:\Users\Prince Levis\.m2\repository\org\springframework\boot\spring-boot\3.4.5\spring-boot-3.4.5.jar;C:\Users\Prince Levis\.m2\repository\org\springframework\boot\spring-boot-autoconfigure\3.4.5\spring-boot-autoconfigure-3.4.5.jar;C:\Users\Prince Levis\.m2\repository\com\mysql\mysql-connector-j\9.1.0\mysql-connector-j-9.1.0.jar;C:\Users\Prince Levis\.m2\repository\ch\vorburger\mariaDB4j\mariaDB4j-springboot\2.5.3\mariaDB4j-springboot-2.5.3.jar;C:\Users\Prince Levis\.m2\repository\ch\vorburger\mariaDB4j\mariaDB4j\2.5.3\mariaDB4j-2.5.3.jar;C:\Users\Prince Levis\.m2\repository\ch\vorburger\mariaDB4j\mariaDB4j-core\2.5.3\mariaDB4j-core-2.5.3.jar;C:\Users\Prince Levis\.m2\repository\ch\vorburger\exec\exec\3.1.3\exec-3.1.3.jar;C:\Users\Prince Levis\.m2\repository\org\apache\commons\commons-exec\1.3\commons-exec-1.3.jar;C:\Users\Prince Levis\.m2\repository\org\apache\commons\commons-collections4\4.4\commons-collections4-4.4.jar;C:\Users\Prince Levis\.m2\repository\org\apache\commons\commons-lang3\3.17.0\commons-lang3-3.17.0.jar;C:\Users\Prince Levis\.m2\repository\commons-io\commons-io\2.11.0\commons-io-2.11.0.jar;C:\Users\Prince Levis\.m2\repository\ch\vorburger\mariaDB4j\mariaDB4j-db-linux64\10.2.11\mariaDB4j-db-linux64-10.2.11.jar;C:\Users\Prince Levis\.m2\repository\ch\vorburger\mariaDB4j\mariaDB4j-db-win32\10.2.11\mariaDB4j-db-win32-10.2.11.jar;C:\Users\Prince Levis\.m2\repository\ch\vorburger\mariaDB4j\mariaDB4j-db-mac64\10.2.11\mariaDB4j-db-mac64-10.2.11.jar;C:\Users\Prince Levis\.m2\repository\org\projectlombok\lombok\1.18.38\lombok-1.18.38.jar;C:\Users\Prince Levis\.m2\repository\org\springframework\boot\spring-boot-starter-test\3.4.5\spring-boot-starter-test-3.4.5.jar;C:\Users\Prince Levis\.m2\repository\org\springframework\boot\spring-boot-test\3.4.5\spring-boot-test-3.4.5.jar;C:\Users\Prince Levis\.m2\repository\org\springframework\boot\spring-boot-test-autoconfigure\3.4.5\spring-boot-test-autoconfigure-3.4.5.jar;C:\Users\Prince Levis\.m2\repository\com\jayway\jsonpath\json-path\2.9.0\json-path-2.9.0.jar;C:\Users\Prince Levis\.m2\repository\jakarta\xml\bind\jakarta.xml.bind-api\4.0.2\jakarta.xml.bind-api-4.0.2.jar;C:\Users\Prince Levis\.m2\repository\jakarta\activation\jakarta.activation-api\2.1.3\jakarta.activation-api-2.1.3.jar;C:\Users\Prince Levis\.m2\repository\net\minidev\json-smart\2.5.2\json-smart-2.5.2.jar;C:\Users\Prince Levis\.m2\repository\net\minidev\accessors-smart\2.5.2\accessors-smart-2.5.2.jar;C:\Users\Prince Levis\.m2\repository\org\ow2\asm\asm\9.7.1\asm-9.7.1.jar;C:\Users\Prince Levis\.m2\repository\org\assertj\assertj-core\3.26.3\assertj-core-3.26.3.jar;C:\Users\Prince Levis\.m2\repository\org\awaitility\awaitility\4.2.2\awaitility-4.2.2.jar;C:\Users\Prince Levis\.m2\repository\org\hamcrest\hamcrest\2.2\hamcrest-2.2.jar;C:\Users\Prince Levis\.m2\repository\org\junit\jupiter\junit-jupiter\5.11.4\junit-jupiter-5.11.4.jar;C:\Users\Prince Levis\.m2\repository\org\junit\jupiter\junit-jupiter-api\5.11.4\junit-jupiter-api-5.11.4.jar;C:\Users\Prince Levis\.m2\repository\org\opentest4j\opentest4j\1.3.0\opentest4j-1.3.0.jar;C:\Users\Prince Levis\.m2\repository\org\junit\platform\junit-platform-commons\1.11.4\junit-platform-commons-1.11.4.jar;C:\Users\Prince Levis\.m2\repository\org\apiguardian\apiguardian-api\1.1.2\apiguardian-api-1.1.2.jar;C:\Users\Prince Levis\.m2\repository\org\junit\jupiter\junit-jupiter-params\5.11.4\junit-jupiter-params-5.11.4.jar;C:\Users\Prince Levis\.m2\repository\org\junit\jupiter\junit-jupiter-engine\5.11.4\junit-jupiter-engine-5.11.4.jar;C:\Users\Prince Levis\.m2\repository\org\junit\platform\junit-platform-engine\1.11.4\junit-platform-engine-1.11.4.jar;C:\Users\Prince Levis\.m2\repository\org\mockito\mockito-core\5.14.2\mockito-core-5.14.2.jar;C:\Users\Prince Levis\.m2\repository\net\bytebuddy\byte-buddy-agent\1.15.11\byte-buddy-agent-1.15.11.jar;C:\Users\Prince Levis\.m2\repository\org\objenesis\objenesis\3.3\objenesis-3.3.jar;C:\Users\Prince Levis\.m2\repository\org\mockito\mockito-junit-jupiter\5.14.2\mockito-junit-jupiter-5.14.2.jar;C:\Users\Prince Levis\.m2\repository\org\skyscreamer\jsonassert\1.5.3\jsonassert-1.5.3.jar;C:\Users\Prince Levis\.m2\repository\com\vaadin\external\google\android-json\0.0.20131108.vaadin1\android-json-0.0.20131108.vaadin1.jar;C:\Users\Prince Levis\.m2\repository\org\springframework\spring-core\6.2.6\spring-core-6.2.6.jar;C:\Users\Prince Levis\.m2\repository\org\springframework\spring-jcl\6.2.6\spring-jcl-6.2.6.jar;C:\Users\Prince Levis\.m2\repository\org\springframework\spring-test\6.2.6\spring-test-6.2.6.jar;C:\Users\Prince Levis\.m2\repository\org\xmlunit\xmlunit-core\2.10.0\xmlunit-core-2.10.0.jar;"/>
    <property name="java.vm.vendor" value="Oracle Corporation"/>
    <property name="sun.arch.data.model" value="64"/>
    <property name="user.variant" value=""/>
    <property name="java.vendor.url" value="https://java.oracle.com/"/>
    <property name="user.timezone" value="Africa/Douala"/>
    <property name="org.jboss.logging.provider" value="slf4j"/>
    <property name="os.name" value="Windows 11"/>
    <property name="java.vm.specification.version" value="21"/>
    <property name="APPLICATION_NAME" value="depot_bar"/>
    <property name="sun.java.launcher" value="SUN_STANDARD"/>
    <property name="user.country" value="FR"/>
    <property name="sun.boot.library.path" value="C:\Program Files\Java\jdk-21\bin"/>
    <property name="sun.java.command" value="C:\Users\Prince Levis\AppData\Local\Temp\surefire10092453832625154838\surefirebooter-20250626132202142_3.jar C:\Users\Prince Levis\AppData\Local\Temp\surefire10092453832625154838 2025-06-26T13-22-01_889-jvmRun1 surefire-20250626132202142_1tmp surefire_0-20250626132202142_2tmp"/>
    <property name="jdk.debug" value="release"/>
    <property name="surefire.test.class.path" value="C:\Users\Prince Levis\Documents\Projets-gestion-stock\target\test-classes;C:\Users\Prince Levis\Documents\Projets-gestion-stock\target\classes;C:\Users\Prince Levis\.m2\repository\org\springframework\boot\spring-boot-starter-actuator\3.4.5\spring-boot-starter-actuator-3.4.5.jar;C:\Users\Prince Levis\.m2\repository\org\springframework\boot\spring-boot-starter\3.4.5\spring-boot-starter-3.4.5.jar;C:\Users\Prince Levis\.m2\repository\org\springframework\boot\spring-boot-starter-logging\3.4.5\spring-boot-starter-logging-3.4.5.jar;C:\Users\Prince Levis\.m2\repository\ch\qos\logback\logback-classic\1.5.18\logback-classic-1.5.18.jar;C:\Users\Prince Levis\.m2\repository\ch\qos\logback\logback-core\1.5.18\logback-core-1.5.18.jar;C:\Users\Prince Levis\.m2\repository\org\apache\logging\log4j\log4j-to-slf4j\2.24.3\log4j-to-slf4j-2.24.3.jar;C:\Users\Prince Levis\.m2\repository\org\apache\logging\log4j\log4j-api\2.24.3\log4j-api-2.24.3.jar;C:\Users\Prince Levis\.m2\repository\org\slf4j\jul-to-slf4j\2.0.17\jul-to-slf4j-2.0.17.jar;C:\Users\Prince Levis\.m2\repository\jakarta\annotation\jakarta.annotation-api\2.1.1\jakarta.annotation-api-2.1.1.jar;C:\Users\Prince Levis\.m2\repository\org\yaml\snakeyaml\2.3\snakeyaml-2.3.jar;C:\Users\Prince Levis\.m2\repository\org\springframework\boot\spring-boot-actuator-autoconfigure\3.4.5\spring-boot-actuator-autoconfigure-3.4.5.jar;C:\Users\Prince Levis\.m2\repository\org\springframework\boot\spring-boot-actuator\3.4.5\spring-boot-actuator-3.4.5.jar;C:\Users\Prince Levis\.m2\repository\com\fasterxml\jackson\core\jackson-databind\2.18.3\jackson-databind-2.18.3.jar;C:\Users\Prince Levis\.m2\repository\com\fasterxml\jackson\core\jackson-annotations\2.18.3\jackson-annotations-2.18.3.jar;C:\Users\Prince Levis\.m2\repository\com\fasterxml\jackson\core\jackson-core\2.18.3\jackson-core-2.18.3.jar;C:\Users\Prince Levis\.m2\repository\com\fasterxml\jackson\datatype\jackson-datatype-jsr310\2.18.3\jackson-datatype-jsr310-2.18.3.jar;C:\Users\Prince Levis\.m2\repository\io\micrometer\micrometer-observation\1.14.6\micrometer-observation-1.14.6.jar;C:\Users\Prince Levis\.m2\repository\io\micrometer\micrometer-commons\1.14.6\micrometer-commons-1.14.6.jar;C:\Users\Prince Levis\.m2\repository\io\micrometer\micrometer-jakarta9\1.14.6\micrometer-jakarta9-1.14.6.jar;C:\Users\Prince Levis\.m2\repository\io\micrometer\micrometer-core\1.14.6\micrometer-core-1.14.6.jar;C:\Users\Prince Levis\.m2\repository\org\hdrhistogram\HdrHistogram\2.2.2\HdrHistogram-2.2.2.jar;C:\Users\Prince Levis\.m2\repository\org\latencyutils\LatencyUtils\2.0.3\LatencyUtils-2.0.3.jar;C:\Users\Prince Levis\.m2\repository\org\springframework\boot\spring-boot-starter-data-jpa\3.4.5\spring-boot-starter-data-jpa-3.4.5.jar;C:\Users\Prince Levis\.m2\repository\org\springframework\boot\spring-boot-starter-jdbc\3.4.5\spring-boot-starter-jdbc-3.4.5.jar;C:\Users\Prince Levis\.m2\repository\com\zaxxer\HikariCP\5.1.0\HikariCP-5.1.0.jar;C:\Users\Prince Levis\.m2\repository\org\springframework\spring-jdbc\6.2.6\spring-jdbc-6.2.6.jar;C:\Users\Prince Levis\.m2\repository\org\hibernate\orm\hibernate-core\6.6.13.Final\hibernate-core-6.6.13.Final.jar;C:\Users\Prince Levis\.m2\repository\jakarta\persistence\jakarta.persistence-api\3.1.0\jakarta.persistence-api-3.1.0.jar;C:\Users\Prince Levis\.m2\repository\jakarta\transaction\jakarta.transaction-api\2.0.1\jakarta.transaction-api-2.0.1.jar;C:\Users\Prince Levis\.m2\repository\org\jboss\logging\jboss-logging\3.6.1.Final\jboss-logging-3.6.1.Final.jar;C:\Users\Prince Levis\.m2\repository\org\hibernate\common\hibernate-commons-annotations\7.0.3.Final\hibernate-commons-annotations-7.0.3.Final.jar;C:\Users\Prince Levis\.m2\repository\io\smallrye\jandex\3.2.0\jandex-3.2.0.jar;C:\Users\Prince Levis\.m2\repository\com\fasterxml\classmate\1.7.0\classmate-1.7.0.jar;C:\Users\Prince Levis\.m2\repository\net\bytebuddy\byte-buddy\1.15.11\byte-buddy-1.15.11.jar;C:\Users\Prince Levis\.m2\repository\org\glassfish\jaxb\jaxb-runtime\4.0.5\jaxb-runtime-4.0.5.jar;C:\Users\Prince Levis\.m2\repository\org\glassfish\jaxb\jaxb-core\4.0.5\jaxb-core-4.0.5.jar;C:\Users\Prince Levis\.m2\repository\org\eclipse\angus\angus-activation\2.0.2\angus-activation-2.0.2.jar;C:\Users\Prince Levis\.m2\repository\org\glassfish\jaxb\txw2\4.0.5\txw2-4.0.5.jar;C:\Users\Prince Levis\.m2\repository\com\sun\istack\istack-commons-runtime\4.1.2\istack-commons-runtime-4.1.2.jar;C:\Users\Prince Levis\.m2\repository\jakarta\inject\jakarta.inject-api\2.0.1\jakarta.inject-api-2.0.1.jar;C:\Users\Prince Levis\.m2\repository\org\antlr\antlr4-runtime\4.13.0\antlr4-runtime-4.13.0.jar;C:\Users\Prince Levis\.m2\repository\org\springframework\data\spring-data-jpa\3.4.5\spring-data-jpa-3.4.5.jar;C:\Users\Prince Levis\.m2\repository\org\springframework\data\spring-data-commons\3.4.5\spring-data-commons-3.4.5.jar;C:\Users\Prince Levis\.m2\repository\org\springframework\spring-orm\6.2.6\spring-orm-6.2.6.jar;C:\Users\Prince Levis\.m2\repository\org\springframework\spring-context\6.2.6\spring-context-6.2.6.jar;C:\Users\Prince Levis\.m2\repository\org\springframework\spring-aop\6.2.6\spring-aop-6.2.6.jar;C:\Users\Prince Levis\.m2\repository\org\springframework\spring-tx\6.2.6\spring-tx-6.2.6.jar;C:\Users\Prince Levis\.m2\repository\org\springframework\spring-beans\6.2.6\spring-beans-6.2.6.jar;C:\Users\Prince Levis\.m2\repository\org\slf4j\slf4j-api\2.0.17\slf4j-api-2.0.17.jar;C:\Users\Prince Levis\.m2\repository\org\springframework\spring-aspects\6.2.6\spring-aspects-6.2.6.jar;C:\Users\Prince Levis\.m2\repository\org\aspectj\aspectjweaver\1.9.24\aspectjweaver-1.9.24.jar;C:\Users\Prince Levis\.m2\repository\org\springframework\boot\spring-boot-starter-web\3.4.5\spring-boot-starter-web-3.4.5.jar;C:\Users\Prince Levis\.m2\repository\org\springframework\boot\spring-boot-starter-json\3.4.5\spring-boot-starter-json-3.4.5.jar;C:\Users\Prince Levis\.m2\repository\com\fasterxml\jackson\datatype\jackson-datatype-jdk8\2.18.3\jackson-datatype-jdk8-2.18.3.jar;C:\Users\Prince Levis\.m2\repository\com\fasterxml\jackson\module\jackson-module-parameter-names\2.18.3\jackson-module-parameter-names-2.18.3.jar;C:\Users\Prince Levis\.m2\repository\org\springframework\boot\spring-boot-starter-tomcat\3.4.5\spring-boot-starter-tomcat-3.4.5.jar;C:\Users\Prince Levis\.m2\repository\org\apache\tomcat\embed\tomcat-embed-core\10.1.40\tomcat-embed-core-10.1.40.jar;C:\Users\Prince Levis\.m2\repository\org\apache\tomcat\embed\tomcat-embed-el\10.1.40\tomcat-embed-el-10.1.40.jar;C:\Users\Prince Levis\.m2\repository\org\apache\tomcat\embed\tomcat-embed-websocket\10.1.40\tomcat-embed-websocket-10.1.40.jar;C:\Users\Prince Levis\.m2\repository\org\springframework\spring-web\6.2.6\spring-web-6.2.6.jar;C:\Users\Prince Levis\.m2\repository\org\springframework\spring-webmvc\6.2.6\spring-webmvc-6.2.6.jar;C:\Users\Prince Levis\.m2\repository\org\springframework\spring-expression\6.2.6\spring-expression-6.2.6.jar;C:\Users\Prince Levis\.m2\repository\org\springdoc\springdoc-openapi-starter-webmvc-ui\2.0.3\springdoc-openapi-starter-webmvc-ui-2.0.3.jar;C:\Users\Prince Levis\.m2\repository\org\springdoc\springdoc-openapi-starter-webmvc-api\2.0.3\springdoc-openapi-starter-webmvc-api-2.0.3.jar;C:\Users\Prince Levis\.m2\repository\org\springdoc\springdoc-openapi-starter-common\2.0.3\springdoc-openapi-starter-common-2.0.3.jar;C:\Users\Prince Levis\.m2\repository\io\swagger\core\v3\swagger-core-jakarta\2.2.8\swagger-core-jakarta-2.2.8.jar;C:\Users\Prince Levis\.m2\repository\io\swagger\core\v3\swagger-annotations-jakarta\2.2.8\swagger-annotations-jakarta-2.2.8.jar;C:\Users\Prince Levis\.m2\repository\io\swagger\core\v3\swagger-models-jakarta\2.2.8\swagger-models-jakarta-2.2.8.jar;C:\Users\Prince Levis\.m2\repository\jakarta\validation\jakarta.validation-api\3.0.2\jakarta.validation-api-3.0.2.jar;C:\Users\Prince Levis\.m2\repository\com\fasterxml\jackson\dataformat\jackson-dataformat-yaml\2.18.3\jackson-dataformat-yaml-2.18.3.jar;C:\Users\Prince Levis\.m2\repository\org\webjars\swagger-ui\4.17.1\swagger-ui-4.17.1.jar;C:\Users\Prince Levis\.m2\repository\org\webjars\webjars-locator-core\0.59\webjars-locator-core-0.59.jar;C:\Users\Prince Levis\.m2\repository\io\github\classgraph\classgraph\4.8.149\classgraph-4.8.149.jar;C:\Users\Prince Levis\.m2\repository\org\springframework\boot\spring-boot-devtools\3.4.5\spring-boot-devtools-3.4.5.jar;C:\Users\Prince Levis\.m2\repository\org\springframework\boot\spring-boot\3.4.5\spring-boot-3.4.5.jar;C:\Users\Prince Levis\.m2\repository\org\springframework\boot\spring-boot-autoconfigure\3.4.5\spring-boot-autoconfigure-3.4.5.jar;C:\Users\Prince Levis\.m2\repository\com\mysql\mysql-connector-j\9.1.0\mysql-connector-j-9.1.0.jar;C:\Users\Prince Levis\.m2\repository\ch\vorburger\mariaDB4j\mariaDB4j-springboot\2.5.3\mariaDB4j-springboot-2.5.3.jar;C:\Users\Prince Levis\.m2\repository\ch\vorburger\mariaDB4j\mariaDB4j\2.5.3\mariaDB4j-2.5.3.jar;C:\Users\Prince Levis\.m2\repository\ch\vorburger\mariaDB4j\mariaDB4j-core\2.5.3\mariaDB4j-core-2.5.3.jar;C:\Users\Prince Levis\.m2\repository\ch\vorburger\exec\exec\3.1.3\exec-3.1.3.jar;C:\Users\Prince Levis\.m2\repository\org\apache\commons\commons-exec\1.3\commons-exec-1.3.jar;C:\Users\Prince Levis\.m2\repository\org\apache\commons\commons-collections4\4.4\commons-collections4-4.4.jar;C:\Users\Prince Levis\.m2\repository\org\apache\commons\commons-lang3\3.17.0\commons-lang3-3.17.0.jar;C:\Users\Prince Levis\.m2\repository\commons-io\commons-io\2.11.0\commons-io-2.11.0.jar;C:\Users\Prince Levis\.m2\repository\ch\vorburger\mariaDB4j\mariaDB4j-db-linux64\10.2.11\mariaDB4j-db-linux64-10.2.11.jar;C:\Users\Prince Levis\.m2\repository\ch\vorburger\mariaDB4j\mariaDB4j-db-win32\10.2.11\mariaDB4j-db-win32-10.2.11.jar;C:\Users\Prince Levis\.m2\repository\ch\vorburger\mariaDB4j\mariaDB4j-db-mac64\10.2.11\mariaDB4j-db-mac64-10.2.11.jar;C:\Users\Prince Levis\.m2\repository\org\projectlombok\lombok\1.18.38\lombok-1.18.38.jar;C:\Users\Prince Levis\.m2\repository\org\springframework\boot\spring-boot-starter-test\3.4.5\spring-boot-starter-test-3.4.5.jar;C:\Users\Prince Levis\.m2\repository\org\springframework\boot\spring-boot-test\3.4.5\spring-boot-test-3.4.5.jar;C:\Users\Prince Levis\.m2\repository\org\springframework\boot\spring-boot-test-autoconfigure\3.4.5\spring-boot-test-autoconfigure-3.4.5.jar;C:\Users\Prince Levis\.m2\repository\com\jayway\jsonpath\json-path\2.9.0\json-path-2.9.0.jar;C:\Users\Prince Levis\.m2\repository\jakarta\xml\bind\jakarta.xml.bind-api\4.0.2\jakarta.xml.bind-api-4.0.2.jar;C:\Users\Prince Levis\.m2\repository\jakarta\activation\jakarta.activation-api\2.1.3\jakarta.activation-api-2.1.3.jar;C:\Users\Prince Levis\.m2\repository\net\minidev\json-smart\2.5.2\json-smart-2.5.2.jar;C:\Users\Prince Levis\.m2\repository\net\minidev\accessors-smart\2.5.2\accessors-smart-2.5.2.jar;C:\Users\Prince Levis\.m2\repository\org\ow2\asm\asm\9.7.1\asm-9.7.1.jar;C:\Users\Prince Levis\.m2\repository\org\assertj\assertj-core\3.26.3\assertj-core-3.26.3.jar;C:\Users\Prince Levis\.m2\repository\org\awaitility\awaitility\4.2.2\awaitility-4.2.2.jar;C:\Users\Prince Levis\.m2\repository\org\hamcrest\hamcrest\2.2\hamcrest-2.2.jar;C:\Users\Prince Levis\.m2\repository\org\junit\jupiter\junit-jupiter\5.11.4\junit-jupiter-5.11.4.jar;C:\Users\Prince Levis\.m2\repository\org\junit\jupiter\junit-jupiter-api\5.11.4\junit-jupiter-api-5.11.4.jar;C:\Users\Prince Levis\.m2\repository\org\opentest4j\opentest4j\1.3.0\opentest4j-1.3.0.jar;C:\Users\Prince Levis\.m2\repository\org\junit\platform\junit-platform-commons\1.11.4\junit-platform-commons-1.11.4.jar;C:\Users\Prince Levis\.m2\repository\org\apiguardian\apiguardian-api\1.1.2\apiguardian-api-1.1.2.jar;C:\Users\Prince Levis\.m2\repository\org\junit\jupiter\junit-jupiter-params\5.11.4\junit-jupiter-params-5.11.4.jar;C:\Users\Prince Levis\.m2\repository\org\junit\jupiter\junit-jupiter-engine\5.11.4\junit-jupiter-engine-5.11.4.jar;C:\Users\Prince Levis\.m2\repository\org\junit\platform\junit-platform-engine\1.11.4\junit-platform-engine-1.11.4.jar;C:\Users\Prince Levis\.m2\repository\org\mockito\mockito-core\5.14.2\mockito-core-5.14.2.jar;C:\Users\Prince Levis\.m2\repository\net\bytebuddy\byte-buddy-agent\1.15.11\byte-buddy-agent-1.15.11.jar;C:\Users\Prince Levis\.m2\repository\org\objenesis\objenesis\3.3\objenesis-3.3.jar;C:\Users\Prince Levis\.m2\repository\org\mockito\mockito-junit-jupiter\5.14.2\mockito-junit-jupiter-5.14.2.jar;C:\Users\Prince Levis\.m2\repository\org\skyscreamer\jsonassert\1.5.3\jsonassert-1.5.3.jar;C:\Users\Prince Levis\.m2\repository\com\vaadin\external\google\android-json\0.0.20131108.vaadin1\android-json-0.0.20131108.vaadin1.jar;C:\Users\Prince Levis\.m2\repository\org\springframework\spring-core\6.2.6\spring-core-6.2.6.jar;C:\Users\Prince Levis\.m2\repository\org\springframework\spring-jcl\6.2.6\spring-jcl-6.2.6.jar;C:\Users\Prince Levis\.m2\repository\org\springframework\spring-test\6.2.6\spring-test-6.2.6.jar;C:\Users\Prince Levis\.m2\repository\org\xmlunit\xmlunit-core\2.10.0\xmlunit-core-2.10.0.jar;"/>
    <property name="sun.cpu.endian" value="little"/>
    <property name="user.home" value="C:\Users\Prince Levis"/>
    <property name="user.language" value="fr"/>
    <property name="java.specification.vendor" value="Oracle Corporation"/>
    <property name="java.version.date" value="2024-01-16"/>
    <property name="java.home" value="C:\Program Files\Java\jdk-21"/>
    <property name="file.separator" value="\"/>
    <property name="basedir" value="C:\Users\Prince Levis\Documents\Projets-gestion-stock"/>
    <property name="java.vm.compressedOopsMode" value="Zero based"/>
    <property name="line.separator" value="&#10;"/>
    <property name="java.vm.specification.vendor" value="Oracle Corporation"/>
    <property name="java.specification.name" value="Java Platform API Specification"/>
    <property name="FILE_LOG_CHARSET" value="UTF-8"/>
    <property name="java.awt.headless" value="true"/>
    <property name="surefire.real.class.path" value="C:\Users\Prince Levis\AppData\Local\Temp\surefire10092453832625154838\surefirebooter-20250626132202142_3.jar"/>
    <property name="user.script" value=""/>
    <property name="sun.management.compiler" value="HotSpot 64-Bit Tiered Compilers"/>
    <property name="java.runtime.version" value="21.0.2+13-LTS-58"/>
    <property name="user.name" value="Prince Levis"/>
    <property name="stdout.encoding" value="Cp1252"/>
    <property name="path.separator" value=";"/>
    <property name="os.version" value="10.0"/>
    <property name="java.runtime.name" value="Java(TM) SE Runtime Environment"/>
    <property name="file.encoding" value="UTF-8"/>
    <property name="java.vm.name" value="Java HotSpot(TM) 64-Bit Server VM"/>
    <property name="localRepository" value="C:\Users\Prince Levis\.m2\repository"/>
    <property name="java.vendor.url.bug" value="https://bugreport.java.com/bugreport/"/>
    <property name="java.io.tmpdir" value="C:\Users\PRINCE~1\AppData\Local\Temp\"/>
    <property name="java.version" value="21.0.2"/>
    <property name="user.dir" value="C:\Users\Prince Levis\Documents\Projets-gestion-stock"/>
    <property name="os.arch" value="amd64"/>
    <property name="java.vm.specification.name" value="Java Virtual Machine Specification"/>
    <property name="PID" value="7916"/>
    <property name="sun.os.patch.level" value=""/>
    <property name="CONSOLE_LOG_CHARSET" value="UTF-8"/>
    <property name="native.encoding" value="Cp1252"/>
    <property name="java.library.path" value="C:\Program Files\Java\jdk-21\bin;C:\Windows\Sun\Java\bin;C:\Windows\system32;C:\Windows;C:\Program Files\Common Files\Oracle\Java\javapath;C:\Windows\system32;C:\Windows;C:\Windows\System32\Wbem;C:\Windows\System32\WindowsPowerShell\v1.0\;C:\Windows\System32\OpenSSH\;C:\Program Files\Git\cmd;C:\Program Files\nodejs\;C:\Program Files\Java\jdk-21;C:\Program Files\gradle-8.7\bin;C:\Program Files\apache\apache-maven-3.9.6\bin;;C:\Program Files\Docker\Docker\resources\bin;C:\Users\Prince Levis\AppData\Local\Microsoft\WindowsApps;C:\Users\Prince Levis\AppData\Local\Programs\Microsoft VS Code\bin;C:\Program Files\JetBrains\IntelliJ IDEA Community Edition 2023.1.4\bin;;C:\Users\Prince Levis\AppData\Roaming\npm;C:\Users\Prince Levis\AppData\Local\Programs\MiKTeX\miktex\bin\x64\;c:\Users\Prince Levis\AppData\Roaming\Code\User\globalStorage\github.copilot-chat\debugCommand;."/>
    <property name="java.vm.info" value="mixed mode, sharing"/>
    <property name="stderr.encoding" value="Cp1252"/>
    <property name="java.vendor" value="Oracle Corporation"/>
    <property name="java.vm.version" value="21.0.2+13-LTS-58"/>
    <property name="sun.io.unicode.encoding" value="UnicodeLittle"/>
    <property name="java.class.version" value="65.0"/>
    <property name="LOGGED_APPLICATION_NAME" value="[depot_bar] "/>
  </properties>
  <testcase name="contextLoads" classname="com.depot_Bar.depot_bar.DepotBarApplicationTests" time="1.269">
    <system-out><![CDATA[13:22:06.230 [main] INFO org.springframework.test.context.support.AnnotationConfigContextLoaderUtils -- Could not detect default configuration classes for test class [com.depot_Bar.depot_bar.DepotBarApplicationTests]: DepotBarApplicationTests does not declare any static, non-private, non-final, nested classes annotated with @Configuration.
13:22:07.091 [main] INFO org.springframework.boot.test.context.SpringBootTestContextBootstrapper -- Found @SpringBootConfiguration com.depot_Bar.depot_bar.DepotBarApplication for test class com.depot_Bar.depot_bar.DepotBarApplicationTests
13:22:07.815 [main] INFO org.springframework.boot.devtools.restart.RestartApplicationListener -- Restart disabled due to context in which it is running

  .   ____          _            __ _ _
 /\\ / ___'_ __ _ _(_)_ __  __ _ \ \ \ \
( ( )\___ | '_ | '_| | '_ \/ _` | \ \ \ \
 \\/  ___)| |_)| | | | | || (_| |  ) ) ) )
  '  |____| .__|_| |_|_| |_\__, | / / / /
 =========|_|==============|___/=/_/_/_/

 :: Spring Boot ::                (v3.4.5)

2025-06-26T13:22:09.413+01:00  INFO 7916 --- [depot_bar] [           main] c.d.depot_bar.DepotBarApplicationTests   : Starting DepotBarApplicationTests using Java 21.0.2 with PID 7916 (started by Prince Levis in C:\Users\Prince Levis\Documents\Projets-gestion-stock)
2025-06-26T13:22:09.418+01:00  INFO 7916 --- [depot_bar] [           main] c.d.depot_bar.DepotBarApplicationTests   : No active profile set, falling back to 1 default profile: "default"
2025-06-26T13:22:13.630+01:00  INFO 7916 --- [depot_bar] [           main] .s.d.r.c.RepositoryConfigurationDelegate : Bootstrapping Spring Data JPA repositories in DEFAULT mode.
2025-06-26T13:22:13.794+01:00  INFO 7916 --- [depot_bar] [           main] .s.d.r.c.RepositoryConfigurationDelegate : Finished Spring Data repository scanning in 142 ms. Found 3 JPA repository interfaces.
2025-06-26T13:22:15.209+01:00  INFO 7916 --- [depot_bar] [           main] ch.vorburger.mariadb4j.Util              : Created directory: C:\Users\PRINCE~1\AppData\Local\Temp\MariaDB4j\base
2025-06-26T13:22:15.209+01:00  INFO 7916 --- [depot_bar] [           main] ch.vorburger.mariadb4j.Util              : Created directory: C:\Users\PRINCE~1\AppData\Local\Temp\MariaDB4j\base\libs
2025-06-26T13:22:16.476+01:00  INFO 7916 --- [depot_bar] [           main] ch.vorburger.mariadb4j.Util              : Unpacked 66 files from classpath*:ch/vorburger/mariadb4j/mariadb-10.2.11/win32/** to C:\Users\PRINCE~1\AppData\Local\Temp\MariaDB4j\base
2025-06-26T13:22:16.484+01:00  INFO 7916 --- [depot_bar] [           main] ch.vorburger.mariadb4j.DB                : Installing a new embedded database to: C:\Users\PRINCE~1\AppData\Local\Temp\MariaDB4j\base
2025-06-26T13:22:16.627+01:00  INFO 7916 --- [depot_bar] [           main] ch.vorburger.exec.ManagedProcess         : Starting Program [C:\Users\PRINCE~1\AppData\Local\Temp\MariaDB4j\base\bin\mysql_install_db.exe, "--datadir=C:\Users\Prince Levis\Documents\Projets-gestion-stock\embedded-db"] (in working directory C:\Users\PRINCE~1\AppData\Local\Temp\MariaDB4j\base)
2025-06-26T13:22:17.162+01:00  INFO 7916 --- [depot_bar] [           main] ch.vorburger.exec.ManagedProcess         : Thread is now going to wait for this process to terminate itself: Program [C:\Users\PRINCE~1\AppData\Local\Temp\MariaDB4j\base\bin\mysql_install_db.exe, "--datadir=C:\Users\Prince Levis\Documents\Projets-gestion-stock\embedded-db"] (in working directory C:\Users\PRINCE~1\AppData\Local\Temp\MariaDB4j\base)
2025-06-26T13:22:17.247+01:00  INFO 7916 --- [depot_bar] [c Stream Pumper] ch.vorburger.exec.ManagedProcess         : mysql_install_db.exe: Running bootstrap
2025-06-26T13:22:19.734+01:00  INFO 7916 --- [depot_bar] [c Stream Pumper] ch.vorburger.exec.ManagedProcess         : mysql_install_db.exe: 2025-06-26 13:22:19 13244 [Note] C:\Users\PRINCE~1\AppData\Local\Temp\MariaDB4j\base\bin\mysqld.exe (mysqld 10.2.11-MariaDB) starting as process 13372 ...
2025-06-26T13:22:20.541+01:00  INFO 7916 --- [depot_bar] [c Stream Pumper] ch.vorburger.exec.ManagedProcess         : mysql_install_db.exe: Removing default user
2025-06-26T13:22:21.670+01:00  INFO 7916 --- [depot_bar] [c Stream Pumper] ch.vorburger.exec.ManagedProcess         : mysql_install_db.exe: Creating my.ini file
2025-06-26T13:22:21.670+01:00  INFO 7916 --- [depot_bar] [efault Executor] ch.vorburger.exec.ManagedProcess         : mysql_install_db.exe: Creation of the database was successfull
2025-06-26T13:22:21.670+01:00  INFO 7916 --- [depot_bar] [efault Executor] c.v.exec.LoggingExecuteResultHandler     : Program [C:\Users\PRINCE~1\AppData\Local\Temp\MariaDB4j\base\bin\mysql_install_db.exe, "--datadir=C:\Users\Prince Levis\Documents\Projets-gestion-stock\embedded-db"] (in working directory C:\Users\PRINCE~1\AppData\Local\Temp\MariaDB4j\base) just exited, with value 0
2025-06-26T13:22:21.700+01:00  INFO 7916 --- [depot_bar] [           main] ch.vorburger.mariadb4j.DB                : Installation complete.
2025-06-26T13:22:21.703+01:00  INFO 7916 --- [depot_bar] [           main] ch.vorburger.mariadb4j.DB                : Starting up the database...
2025-06-26T13:22:21.719+01:00  INFO 7916 --- [depot_bar] [           main] ch.vorburger.mariadb4j.DB                : mysqld executable: C:\Users\PRINCE~1\AppData\Local\Temp\MariaDB4j\base\bin\mysqld.exe
2025-06-26T13:22:21.727+01:00  INFO 7916 --- [depot_bar] [           main] ch.vorburger.exec.ManagedProcess         : Starting Program [C:\Users\PRINCE~1\AppData\Local\Temp\MariaDB4j\base\bin\mysqld.exe, --no-defaults, --console, --skip-grant-tables, --max_allowed_packet=64M, "--basedir=C:\Users\Prince Levis\AppData\Local\Temp\MariaDB4j\base", "--datadir=C:\Users\Prince Levis\Documents\Projets-gestion-stock\embedded-db", --port=56801] (in working directory C:\Users\PRINCE~1\AppData\Local\Temp\MariaDB4j\base)
2025-06-26T13:22:21.728+01:00  INFO 7916 --- [depot_bar] [           main] ch.vorburger.exec.ManagedProcess         : Thread will wait for "mysqld.exe: ready for connections." to appear in Console output of process Program [C:\Users\PRINCE~1\AppData\Local\Temp\MariaDB4j\base\bin\mysqld.exe, --no-defaults, --console, --skip-grant-tables, --max_allowed_packet=64M, "--basedir=C:\Users\Prince Levis\AppData\Local\Temp\MariaDB4j\base", "--datadir=C:\Users\Prince Levis\Documents\Projets-gestion-stock\embedded-db", --port=56801] (in working directory C:\Users\PRINCE~1\AppData\Local\Temp\MariaDB4j\base) for max. 30000ms
2025-06-26T13:22:21.831+01:00  INFO 7916 --- [depot_bar] [c Stream Pumper] ch.vorburger.exec.ManagedProcess         : mysqld.exe: 2025-06-26 13:22:21 19632 [Note] C:\Users\PRINCE~1\AppData\Local\Temp\MariaDB4j\base\bin\mysqld.exe (mysqld 10.2.11-MariaDB) starting as process 18936 ...
2025-06-26T13:22:21.853+01:00  INFO 7916 --- [depot_bar] [c Stream Pumper] ch.vorburger.exec.ManagedProcess         : mysqld.exe: 2025-06-26 13:22:21 19632 [Note] InnoDB: Mutexes and rw_locks use Windows interlocked functions
2025-06-26T13:22:21.853+01:00  INFO 7916 --- [depot_bar] [c Stream Pumper] ch.vorburger.exec.ManagedProcess         : mysqld.exe: 2025-06-26 13:22:21 19632 [Note] InnoDB: Uses event mutexes
2025-06-26T13:22:21.853+01:00  INFO 7916 --- [depot_bar] [c Stream Pumper] ch.vorburger.exec.ManagedProcess         : mysqld.exe: 2025-06-26 13:22:21 19632 [Note] InnoDB: Compressed tables use zlib 1.2.3
2025-06-26T13:22:21.853+01:00  INFO 7916 --- [depot_bar] [c Stream Pumper] ch.vorburger.exec.ManagedProcess         : mysqld.exe: 2025-06-26 13:22:21 19632 [Note] InnoDB: Number of pools: 1
2025-06-26T13:22:21.868+01:00  INFO 7916 --- [depot_bar] [c Stream Pumper] ch.vorburger.exec.ManagedProcess         : mysqld.exe: 2025-06-26 13:22:21 19632 [Note] InnoDB: Using SSE2 crc32 instructions
2025-06-26T13:22:21.869+01:00  INFO 7916 --- [depot_bar] [c Stream Pumper] ch.vorburger.exec.ManagedProcess         : mysqld.exe: 2025-06-26 13:22:21 19632 [Note] InnoDB: Initializing buffer pool, total size = 128M, instances = 1, chunk size = 128M
2025-06-26T13:22:21.869+01:00  INFO 7916 --- [depot_bar] [c Stream Pumper] ch.vorburger.exec.ManagedProcess         : mysqld.exe: 2025-06-26 13:22:21 19632 [Note] InnoDB: Completed initialization of buffer pool
2025-06-26T13:22:21.908+01:00  INFO 7916 --- [depot_bar] [c Stream Pumper] ch.vorburger.exec.ManagedProcess         : mysqld.exe: 2025-06-26 13:22:21 19632 [Note] InnoDB: Highest supported file format is Barracuda.
2025-06-26T13:22:22.019+01:00  INFO 7916 --- [depot_bar] [c Stream Pumper] ch.vorburger.exec.ManagedProcess         : mysqld.exe: 2025-06-26 13:22:22 19632 [Note] InnoDB: 128 out of 128 rollback segments are active.
2025-06-26T13:22:22.019+01:00  INFO 7916 --- [depot_bar] [c Stream Pumper] ch.vorburger.exec.ManagedProcess         : mysqld.exe: 2025-06-26 13:22:22 19632 [Note] InnoDB: Creating shared tablespace for temporary tables
2025-06-26T13:22:22.022+01:00  INFO 7916 --- [depot_bar] [c Stream Pumper] ch.vorburger.exec.ManagedProcess         : mysqld.exe: 2025-06-26 13:22:22 19632 [Note] InnoDB: Setting file '.\ibtmp1' size to 12 MB. Physically writing the file full; Please wait ...
2025-06-26T13:22:22.022+01:00  INFO 7916 --- [depot_bar] [c Stream Pumper] ch.vorburger.exec.ManagedProcess         : mysqld.exe: 2025-06-26 13:22:22 19632 [Note] InnoDB: File '.\ibtmp1' size is now 12 MB.
2025-06-26T13:22:22.022+01:00  INFO 7916 --- [depot_bar] [c Stream Pumper] ch.vorburger.exec.ManagedProcess         : mysqld.exe: 2025-06-26 13:22:22 19632 [Note] InnoDB: Waiting for purge to start
2025-06-26T13:22:22.097+01:00  INFO 7916 --- [depot_bar] [c Stream Pumper] ch.vorburger.exec.ManagedProcess         : mysqld.exe: 2025-06-26 13:22:22 19632 [Note] InnoDB: 5.7.20 started; log sequence number 1825783
2025-06-26T13:22:22.097+01:00  INFO 7916 --- [depot_bar] [c Stream Pumper] ch.vorburger.exec.ManagedProcess         : mysqld.exe: 2025-06-26 13:22:22 13724 [Note] InnoDB: Loading buffer pool(s) from C:\Users\Prince Levis\Documents\Projets-gestion-stock\embedded-db\ib_buffer_pool
2025-06-26T13:22:22.101+01:00  INFO 7916 --- [depot_bar] [c Stream Pumper] ch.vorburger.exec.ManagedProcess         : mysqld.exe: 2025-06-26 13:22:22 13724 [Note] InnoDB: Buffer pool(s) load completed at 250626 13:22:22
2025-06-26T13:22:22.101+01:00  INFO 7916 --- [depot_bar] [c Stream Pumper] ch.vorburger.exec.ManagedProcess         : mysqld.exe: 2025-06-26 13:22:22 19632 [Note] Plugin 'FEEDBACK' is disabled.
2025-06-26T13:22:22.113+01:00  INFO 7916 --- [depot_bar] [c Stream Pumper] ch.vorburger.exec.ManagedProcess         : mysqld.exe: 2025-06-26 13:22:22 19632 [Note] Server socket created on IP: '::'.
2025-06-26T13:22:22.151+01:00  INFO 7916 --- [depot_bar] [c Stream Pumper] ch.vorburger.exec.ManagedProcess         : mysqld.exe: 2025-06-26 13:22:22 19632 [Note] Reading of all Master_info entries succeded
2025-06-26T13:22:22.151+01:00  INFO 7916 --- [depot_bar] [c Stream Pumper] ch.vorburger.exec.ManagedProcess         : mysqld.exe: 2025-06-26 13:22:22 19632 [Note] Added new Master_info '' to hash table
2025-06-26T13:22:22.161+01:00  INFO 7916 --- [depot_bar] [c Stream Pumper] ch.vorburger.exec.ManagedProcess         : mysqld.exe: 2025-06-26 13:22:22 19632 [Note] C:\Users\PRINCE~1\AppData\Local\Temp\MariaDB4j\base\bin\mysqld.exe: ready for connections.
2025-06-26T13:22:22.163+01:00  INFO 7916 --- [depot_bar] [c Stream Pumper] ch.vorburger.exec.ManagedProcess         : mysqld.exe: Version: '10.2.11-MariaDB'  socket: ''  port: 56801  mariadb.org binary distribution
2025-06-26T13:22:22.201+01:00  INFO 7916 --- [depot_bar] [           main] ch.vorburger.mariadb4j.DB                : Database startup complete.
2025-06-26T13:22:22.202+01:00  INFO 7916 --- [depot_bar] [           main] ch.vorburger.mariadb4j.DB                : Running a command: create database if not exists `bar`;
2025-06-26T13:22:22.203+01:00  INFO 7916 --- [depot_bar] [           main] ch.vorburger.exec.ManagedProcess         : Starting Program [C:\Users\PRINCE~1\AppData\Local\Temp\MariaDB4j\base\bin\mysql.exe, --port=56801] (in working directory C:\Users\PRINCE~1\AppData\Local\Temp\MariaDB4j\base)
2025-06-26T13:22:22.346+01:00  INFO 7916 --- [depot_bar] [           main] ch.vorburger.exec.ManagedProcess         : Thread is now going to wait for this process to terminate itself: Program [C:\Users\PRINCE~1\AppData\Local\Temp\MariaDB4j\base\bin\mysql.exe, --port=56801] (in working directory C:\Users\PRINCE~1\AppData\Local\Temp\MariaDB4j\base)
2025-06-26T13:22:22.417+01:00  INFO 7916 --- [depot_bar] [efault Executor] c.v.exec.LoggingExecuteResultHandler     : Program [C:\Users\PRINCE~1\AppData\Local\Temp\MariaDB4j\base\bin\mysql.exe, --port=56801] (in working directory C:\Users\PRINCE~1\AppData\Local\Temp\MariaDB4j\base) just exited, with value 0
2025-06-26T13:22:22.460+01:00  INFO 7916 --- [depot_bar] [           main] ch.vorburger.mariadb4j.DB                : Successfully ran the command: create database if not exists `bar`;
2025-06-26T13:22:22.986+01:00  INFO 7916 --- [depot_bar] [           main] o.hibernate.jpa.internal.util.LogHelper  : HHH000204: Processing PersistenceUnitInfo [name: default]
2025-06-26T13:22:23.198+01:00  INFO 7916 --- [depot_bar] [           main] org.hibernate.Version                    : HHH000412: Hibernate ORM core version 6.6.13.Final
2025-06-26T13:22:23.361+01:00  INFO 7916 --- [depot_bar] [           main] o.h.c.internal.RegionFactoryInitiator    : HHH000026: Second-level cache disabled
2025-06-26T13:22:24.400+01:00  INFO 7916 --- [depot_bar] [           main] o.s.o.j.p.SpringPersistenceUnitInfo      : No LoadTimeWeaver setup: ignoring JPA class transformer
2025-06-26T13:22:24.938+01:00  WARN 7916 --- [depot_bar] [           main] org.hibernate.orm.deprecation            : HHH90000025: MySQL8Dialect does not need to be specified explicitly using 'hibernate.dialect' (remove the property setting and it will be selected by default)
2025-06-26T13:22:24.938+01:00  WARN 7916 --- [depot_bar] [           main] org.hibernate.orm.deprecation            : HHH90000026: MySQL8Dialect has been deprecated; use org.hibernate.dialect.MySQLDialect instead
2025-06-26T13:22:25.024+01:00  INFO 7916 --- [depot_bar] [           main] org.hibernate.orm.connections.pooling    : HHH10001005: Database info:
	Database JDBC URL [Connecting through datasource 'org.springframework.jdbc.datasource.DriverManagerDataSource@712cd5d3']
	Database driver: undefined/unknown
	Database version: 8.0
	Autocommit mode: undefined/unknown
	Isolation level: undefined/unknown
	Minimum pool size: undefined/unknown
	Maximum pool size: undefined/unknown
2025-06-26T13:22:27.346+01:00  INFO 7916 --- [depot_bar] [           main] o.h.e.t.j.p.i.JtaPlatformInitiator       : HHH000489: No JTA platform available (set 'hibernate.transaction.jta.platform' to enable JTA platform integration)
2025-06-26T13:22:27.628+01:00  INFO 7916 --- [depot_bar] [           main] j.LocalContainerEntityManagerFactoryBean : Initialized JPA EntityManagerFactory for persistence unit 'default'
2025-06-26T13:22:34.282+01:00  WARN 7916 --- [depot_bar] [           main] JpaBaseConfiguration$JpaWebConfiguration : spring.jpa.open-in-view is enabled by default. Therefore, database queries may be performed during view rendering. Explicitly configure spring.jpa.open-in-view to disable this warning
2025-06-26T13:22:34.931+01:00  INFO 7916 --- [depot_bar] [           main] o.s.v.b.OptionalValidatorFactoryBean     : Failed to set up a Bean Validation provider: jakarta.validation.NoProviderFoundException: Unable to create a Configuration, because no Jakarta Bean Validation provider could be found. Add a provider like Hibernate Validator (RI) to your classpath.
2025-06-26T13:22:47.272+01:00  INFO 7916 --- [depot_bar] [           main] o.s.b.a.e.web.EndpointLinksResolver      : Exposing 1 endpoint beneath base path '/actuator'
2025-06-26T13:22:47.570+01:00  INFO 7916 --- [depot_bar] [           main] c.d.depot_bar.DepotBarApplicationTests   : Started DepotBarApplicationTests in 39.827 seconds (process running for 45.177)
]]></system-out>
    <system-err><![CDATA[java.sql.SQLSyntaxErrorException: You have an error in your SQL syntax; check the manual that corresponds to your MariaDB server version for the right syntax to use near 'DROP TABLE IF EXISTS vente_item;
DROP TABLE IF EXISTS achat;
DROP TABLE IF EXI' at line 3
	at com.mysql.cj.jdbc.exceptions.SQLError.createSQLException(SQLError.java:112)
	at com.mysql.cj.jdbc.exceptions.SQLExceptionsMapping.translateException(SQLExceptionsMapping.java:114)
	at com.mysql.cj.jdbc.StatementImpl.executeInternal(StatementImpl.java:837)
	at com.mysql.cj.jdbc.StatementImpl.execute(StatementImpl.java:685)
	at com.depot_Bar.depot_bar.Conf.DatabaseInitializer.init(DatabaseInitializer.java:30)
	at java.base/jdk.internal.reflect.DirectMethodHandleAccessor.invoke(DirectMethodHandleAccessor.java:103)
	at java.base/java.lang.reflect.Method.invoke(Method.java:580)
	at org.springframework.beans.factory.annotation.InitDestroyAnnotationBeanPostProcessor$LifecycleMethod.invoke(InitDestroyAnnotationBeanPostProcessor.java:457)
	at org.springframework.beans.factory.annotation.InitDestroyAnnotationBeanPostProcessor$LifecycleMetadata.invokeInitMethods(InitDestroyAnnotationBeanPostProcessor.java:401)
	at org.springframework.beans.factory.annotation.InitDestroyAnnotationBeanPostProcessor.postProcessBeforeInitialization(InitDestroyAnnotationBeanPostProcessor.java:219)
	at org.springframework.beans.factory.support.AbstractAutowireCapableBeanFactory.applyBeanPostProcessorsBeforeInitialization(AbstractAutowireCapableBeanFactory.java:429)
	at org.springframework.beans.factory.support.AbstractAutowireCapableBeanFactory.initializeBean(AbstractAutowireCapableBeanFactory.java:1810)
	at org.springframework.beans.factory.support.AbstractAutowireCapableBeanFactory.doCreateBean(AbstractAutowireCapableBeanFactory.java:607)
	at org.springframework.beans.factory.support.AbstractAutowireCapableBeanFactory.createBean(AbstractAutowireCapableBeanFactory.java:529)
	at org.springframework.beans.factory.support.AbstractBeanFactory.lambda$doGetBean$0(AbstractBeanFactory.java:339)
	at org.springframework.beans.factory.support.DefaultSingletonBeanRegistry.getSingleton(DefaultSingletonBeanRegistry.java:371)
	at org.springframework.beans.factory.support.AbstractBeanFactory.doGetBean(AbstractBeanFactory.java:337)
	at org.springframework.beans.factory.support.AbstractBeanFactory.getBean(AbstractBeanFactory.java:202)
	at org.springframework.beans.factory.support.DefaultListableBeanFactory.instantiateSingleton(DefaultListableBeanFactory.java:1221)
	at org.springframework.beans.factory.support.DefaultListableBeanFactory.preInstantiateSingleton(DefaultListableBeanFactory.java:1187)
	at org.springframework.beans.factory.support.DefaultListableBeanFactory.preInstantiateSingletons(DefaultListableBeanFactory.java:1122)
	at org.springframework.context.support.AbstractApplicationContext.finishBeanFactoryInitialization(AbstractApplicationContext.java:987)
	at org.springframework.context.support.AbstractApplicationContext.refresh(AbstractApplicationContext.java:627)
	at org.springframework.boot.SpringApplication.refresh(SpringApplication.java:753)
	at org.springframework.boot.SpringApplication.refreshContext(SpringApplication.java:439)
	at org.springframework.boot.SpringApplication.run(SpringApplication.java:318)
	at org.springframework.boot.test.context.SpringBootContextLoader.lambda$loadContext$3(SpringBootContextLoader.java:144)
	at org.springframework.util.function.ThrowingSupplier.get(ThrowingSupplier.java:58)
	at org.springframework.util.function.ThrowingSupplier.get(ThrowingSupplier.java:46)
	at org.springframework.boot.SpringApplication.withHook(SpringApplication.java:1462)
	at org.springframework.boot.test.context.SpringBootContextLoader$ContextLoaderHook.run(SpringBootContextLoader.java:563)
	at org.springframework.boot.test.context.SpringBootContextLoader.loadContext(SpringBootContextLoader.java:144)
	at org.springframework.boot.test.context.SpringBootContextLoader.loadContext(SpringBootContextLoader.java:110)
	at org.springframework.test.context.cache.DefaultCacheAwareContextLoaderDelegate.loadContextInternal(DefaultCacheAwareContextLoaderDelegate.java:225)
	at org.springframework.test.context.cache.DefaultCacheAwareContextLoaderDelegate.loadContext(DefaultCacheAwareContextLoaderDelegate.java:152)
	at org.springframework.test.context.support.DefaultTestContext.getApplicationContext(DefaultTestContext.java:130)
	at org.springframework.test.context.web.ServletTestExecutionListener.setUpRequestContextIfNecessary(ServletTestExecutionListener.java:200)
	at org.springframework.test.context.web.ServletTestExecutionListener.prepareTestInstance(ServletTestExecutionListener.java:139)
	at org.springframework.test.context.TestContextManager.prepareTestInstance(TestContextManager.java:260)
	at org.springframework.test.context.junit.jupiter.SpringExtension.postProcessTestInstance(SpringExtension.java:159)
	at org.junit.jupiter.engine.descriptor.ClassBasedTestDescriptor.lambda$invokeTestInstancePostProcessors$11(ClassBasedTestDescriptor.java:378)
	at org.junit.jupiter.engine.descriptor.ClassBasedTestDescriptor.executeAndMaskThrowable(ClassBasedTestDescriptor.java:383)
	at org.junit.jupiter.engine.descriptor.ClassBasedTestDescriptor.lambda$invokeTestInstancePostProcessors$12(ClassBasedTestDescriptor.java:378)
	at java.base/java.util.stream.ForEachOps$ForEachOp$OfRef.accept(ForEachOps.java:184)
	at java.base/java.util.stream.ReferencePipeline$3$1.accept(ReferencePipeline.java:197)
	at java.base/java.util.stream.ReferencePipeline$2$1.accept(ReferencePipeline.java:179)
	at java.base/java.util.stream.ReferencePipeline$3$1.accept(ReferencePipeline.java:197)
	at java.base/java.util.ArrayList$ArrayListSpliterator.forEachRemaining(ArrayList.java:1708)
	at java.base/java.util.stream.AbstractPipeline.copyInto(AbstractPipeline.java:509)
	at java.base/java.util.stream.AbstractPipeline.wrapAndCopyInto(AbstractPipeline.java:499)
	at java.base/java.util.stream.ForEachOps$ForEachOp.evaluateSequential(ForEachOps.java:151)
	at java.base/java.util.stream.ForEachOps$ForEachOp$OfRef.evaluateSequential(ForEachOps.java:174)
	at java.base/java.util.stream.AbstractPipeline.evaluate(AbstractPipeline.java:234)
	at java.base/java.util.stream.ReferencePipeline.forEach(ReferencePipeline.java:596)
	at org.junit.jupiter.engine.descriptor.ClassBasedTestDescriptor.invokeTestInstancePostProcessors(ClassBasedTestDescriptor.java:377)
	at org.junit.jupiter.engine.descriptor.ClassBasedTestDescriptor.lambda$instantiateAndPostProcessTestInstance$7(ClassBasedTestDescriptor.java:290)
	at org.junit.platform.engine.support.hierarchical.ThrowableCollector.execute(ThrowableCollector.java:73)
	at org.junit.jupiter.engine.descriptor.ClassBasedTestDescriptor.instantiateAndPostProcessTestInstance(ClassBasedTestDescriptor.java:289)
	at org.junit.jupiter.engine.descriptor.ClassBasedTestDescriptor.lambda$testInstancesProvider$5(ClassBasedTestDescriptor.java:279)
	at java.base/java.util.Optional.orElseGet(Optional.java:364)
	at org.junit.jupiter.engine.descriptor.ClassBasedTestDescriptor.lambda$testInstancesProvider$6(ClassBasedTestDescriptor.java:278)
	at org.junit.jupiter.engine.execution.TestInstancesProvider.getTestInstances(TestInstancesProvider.java:31)
	at org.junit.jupiter.engine.descriptor.TestMethodTestDescriptor.lambda$prepare$1(TestMethodTestDescriptor.java:105)
	at org.junit.platform.engine.support.hierarchical.ThrowableCollector.execute(ThrowableCollector.java:73)
	at org.junit.jupiter.engine.descriptor.TestMethodTestDescriptor.prepare(TestMethodTestDescriptor.java:104)
	at org.junit.jupiter.engine.descriptor.TestMethodTestDescriptor.prepare(TestMethodTestDescriptor.java:68)
	at org.junit.platform.engine.support.hierarchical.NodeTestTask.lambda$prepare$2(NodeTestTask.java:128)
	at org.junit.platform.engine.support.hierarchical.ThrowableCollector.execute(ThrowableCollector.java:73)
	at org.junit.platform.engine.support.hierarchical.NodeTestTask.prepare(NodeTestTask.java:128)
	at org.junit.platform.engine.support.hierarchical.NodeTestTask.execute(NodeTestTask.java:95)
	at java.base/java.util.ArrayList.forEach(ArrayList.java:1596)
	at org.junit.platform.engine.support.hierarchical.SameThreadHierarchicalTestExecutorService.invokeAll(SameThreadHierarchicalTestExecutorService.java:41)
	at org.junit.platform.engine.support.hierarchical.NodeTestTask.lambda$executeRecursively$6(NodeTestTask.java:160)
	at org.junit.platform.engine.support.hierarchical.ThrowableCollector.execute(ThrowableCollector.java:73)
	at org.junit.platform.engine.support.hierarchical.NodeTestTask.lambda$executeRecursively$8(NodeTestTask.java:146)
	at org.junit.platform.engine.support.hierarchical.Node.around(Node.java:137)
	at org.junit.platform.engine.support.hierarchical.NodeTestTask.lambda$executeRecursively$9(NodeTestTask.java:144)
	at org.junit.platform.engine.support.hierarchical.ThrowableCollector.execute(ThrowableCollector.java:73)
	at org.junit.platform.engine.support.hierarchical.NodeTestTask.executeRecursively(NodeTestTask.java:143)
	at org.junit.platform.engine.support.hierarchical.NodeTestTask.execute(NodeTestTask.java:100)
	at java.base/java.util.ArrayList.forEach(ArrayList.java:1596)
	at org.junit.platform.engine.support.hierarchical.SameThreadHierarchicalTestExecutorService.invokeAll(SameThreadHierarchicalTestExecutorService.java:41)
	at org.junit.platform.engine.support.hierarchical.NodeTestTask.lambda$executeRecursively$6(NodeTestTask.java:160)
	at org.junit.platform.engine.support.hierarchical.ThrowableCollector.execute(ThrowableCollector.java:73)
	at org.junit.platform.engine.support.hierarchical.NodeTestTask.lambda$executeRecursively$8(NodeTestTask.java:146)
	at org.junit.platform.engine.support.hierarchical.Node.around(Node.java:137)
	at org.junit.platform.engine.support.hierarchical.NodeTestTask.lambda$executeRecursively$9(NodeTestTask.java:144)
	at org.junit.platform.engine.support.hierarchical.ThrowableCollector.execute(ThrowableCollector.java:73)
	at org.junit.platform.engine.support.hierarchical.NodeTestTask.executeRecursively(NodeTestTask.java:143)
	at org.junit.platform.engine.support.hierarchical.NodeTestTask.execute(NodeTestTask.java:100)
	at org.junit.platform.engine.support.hierarchical.SameThreadHierarchicalTestExecutorService.submit(SameThreadHierarchicalTestExecutorService.java:35)
	at org.junit.platform.engine.support.hierarchical.HierarchicalTestExecutor.execute(HierarchicalTestExecutor.java:57)
	at org.junit.platform.engine.support.hierarchical.HierarchicalTestEngine.execute(HierarchicalTestEngine.java:54)
	at org.junit.platform.launcher.core.EngineExecutionOrchestrator.execute(EngineExecutionOrchestrator.java:198)
	at org.junit.platform.launcher.core.EngineExecutionOrchestrator.execute(EngineExecutionOrchestrator.java:169)
	at org.junit.platform.launcher.core.EngineExecutionOrchestrator.execute(EngineExecutionOrchestrator.java:93)
	at org.junit.platform.launcher.core.EngineExecutionOrchestrator.lambda$execute$0(EngineExecutionOrchestrator.java:58)
	at org.junit.platform.launcher.core.EngineExecutionOrchestrator.withInterceptedStreams(EngineExecutionOrchestrator.java:141)
	at org.junit.platform.launcher.core.EngineExecutionOrchestrator.execute(EngineExecutionOrchestrator.java:57)
	at org.junit.platform.launcher.core.DefaultLauncher.execute(DefaultLauncher.java:103)
	at org.junit.platform.launcher.core.DefaultLauncher.execute(DefaultLauncher.java:85)
	at org.junit.platform.launcher.core.DelegatingLauncher.execute(DelegatingLauncher.java:47)
	at org.apache.maven.surefire.junitplatform.LazyLauncher.execute(LazyLauncher.java:56)
	at org.apache.maven.surefire.junitplatform.JUnitPlatformProvider.execute(JUnitPlatformProvider.java:194)
	at org.apache.maven.surefire.junitplatform.JUnitPlatformProvider.invokeAllTests(JUnitPlatformProvider.java:150)
	at org.apache.maven.surefire.junitplatform.JUnitPlatformProvider.invoke(JUnitPlatformProvider.java:124)
	at org.apache.maven.surefire.booter.ForkedBooter.runSuitesInProcess(ForkedBooter.java:385)
	at org.apache.maven.surefire.booter.ForkedBooter.execute(ForkedBooter.java:162)
	at org.apache.maven.surefire.booter.ForkedBooter.run(ForkedBooter.java:507)
	at org.apache.maven.surefire.booter.ForkedBooter.main(ForkedBooter.java:495)
Mockito is currently self-attaching to enable the inline-mock-maker. This will no longer work in future releases of the JDK. Please add Mockito as an agent to your build what is described in Mockito's documentation: https://javadoc.io/doc/org.mockito/mockito-core/latest/org/mockito/Mockito.html#0.3
WARNING: A Java agent has been loaded dynamically (C:\Users\Prince Levis\.m2\repository\net\bytebuddy\byte-buddy-agent\1.15.11\byte-buddy-agent-1.15.11.jar)
WARNING: If a serviceability tool is in use, please run with -XX:+EnableDynamicAgentLoading to hide this warning
WARNING: If a serviceability tool is not in use, please run with -Djdk.instrument.traceUsage for more information
WARNING: Dynamic loading of agents will be disallowed by default in a future release
]]></system-err>
  </testcase>
</testsuite>